INFO: 2022/01/06 10:11:30 root.go:40: Starting the application...
INFO: 2022/01/06 10:11:32 sensorInstance.go:16: CPU_USAGE
INFO: 2022/01/06 10:11:32 parser.go:70: Parsing in JSON
INFO: 2022/01/06 10:11:32 parser.go:70: Parsing in JSON
INFO: 2022/01/06 10:11:32 parser.go:70: Parsing in JSON
INFO: 2022/01/06 10:11:32 sensorInstance.go:21: MEMORY_USAGE
INFO: 2022/01/06 10:11:32 parser.go:70: Parsing in JSON
INFO: 2022/01/06 10:11:32 parser.go:70: Parsing in JSON
INFO: 2022/01/06 10:11:32 parser.go:70: Parsing in JSON
INFO: 2022/01/06 10:11:32 parser.go:70: Parsing in JSON
INFO: 2022/01/06 10:11:32 sensorInstance.go:26: CPU_TEMP
INFO: 2022/01/06 10:11:32 sensorTemp.go:50: Temp being getted
INFO: 2022/01/06 10:11:32 parser.go:70: Parsing in JSON
INFO: 2022/01/06 10:11:32 root.go:78: Printing measurmants...
INFO: 2022/01/06 10:11:34 sensorInstance.go:16: CPU_USAGE
INFO: 2022/01/06 10:11:34 parser.go:70: Parsing in JSON
INFO: 2022/01/06 10:11:34 parser.go:70: Parsing in JSON
INFO: 2022/01/06 10:11:34 parser.go:70: Parsing in JSON
INFO: 2022/01/06 10:11:34 sensorInstance.go:21: MEMORY_USAGE
INFO: 2022/01/06 10:11:34 parser.go:70: Parsing in JSON
INFO: 2022/01/06 10:11:34 parser.go:70: Parsing in JSON
INFO: 2022/01/06 10:11:34 parser.go:70: Parsing in JSON
INFO: 2022/01/06 10:11:34 parser.go:70: Parsing in JSON
INFO: 2022/01/06 10:11:34 sensorInstance.go:26: CPU_TEMP
INFO: 2022/01/06 10:11:34 sensorTemp.go:50: Temp being getted
INFO: 2022/01/06 10:11:34 parser.go:70: Parsing in JSON
INFO: 2022/01/06 10:11:34 root.go:78: Printing measurmants...
INFO: 2022/01/06 10:11:36 sensorInstance.go:16: CPU_USAGE
INFO: 2022/01/06 10:11:36 parser.go:70: Parsing in JSON
INFO: 2022/01/06 10:11:36 parser.go:70: Parsing in JSON
INFO: 2022/01/06 10:11:36 parser.go:70: Parsing in JSON
INFO: 2022/01/06 10:11:36 sensorInstance.go:21: MEMORY_USAGE
INFO: 2022/01/06 10:11:36 parser.go:70: Parsing in JSON
INFO: 2022/01/06 10:11:36 parser.go:70: Parsing in JSON
INFO: 2022/01/06 10:11:36 parser.go:70: Parsing in JSON
INFO: 2022/01/06 10:11:36 parser.go:70: Parsing in JSON
INFO: 2022/01/06 10:11:36 sensorInstance.go:26: CPU_TEMP
INFO: 2022/01/06 10:11:36 sensorTemp.go:50: Temp being getted
INFO: 2022/01/06 10:11:36 parser.go:70: Parsing in JSON
INFO: 2022/01/06 10:11:36 root.go:78: Printing measurmants...
INFO: 2022/01/06 10:11:37 root.go:66: Finish printing
INFO: 2022/01/06 10:11:37 root.go:52: End of the application
INFO: 2022/01/06 10:48:03 root.go:40: Starting the application...
INFO: 2022/01/06 10:48:05 sensorInstance.go:16: CPU_USAGE
INFO: 2022/01/06 10:48:05 parser.go:70: Parsing in JSON
INFO: 2022/01/06 10:48:05 parser.go:70: Parsing in JSON
INFO: 2022/01/06 10:48:05 parser.go:70: Parsing in JSON
INFO: 2022/01/06 10:48:05 sensorInstance.go:21: MEMORY_USAGE
INFO: 2022/01/06 10:48:05 parser.go:70: Parsing in JSON
INFO: 2022/01/06 10:48:05 parser.go:70: Parsing in JSON
INFO: 2022/01/06 10:48:05 parser.go:70: Parsing in JSON
INFO: 2022/01/06 10:48:05 parser.go:70: Parsing in JSON
INFO: 2022/01/06 10:48:05 sensorInstance.go:26: CPU_TEMP
INFO: 2022/01/06 10:48:06 sensorTemp.go:50: Temp being getted
INFO: 2022/01/06 10:48:06 parser.go:70: Parsing in JSON
INFO: 2022/01/06 10:48:06 root.go:78: Printing measurmants...
INFO: 2022/01/06 10:48:07 sensorInstance.go:16: CPU_USAGE
INFO: 2022/01/06 10:48:07 parser.go:70: Parsing in JSON
INFO: 2022/01/06 10:48:07 parser.go:70: Parsing in JSON
INFO: 2022/01/06 10:48:07 parser.go:70: Parsing in JSON
INFO: 2022/01/06 10:48:07 sensorInstance.go:21: MEMORY_USAGE
INFO: 2022/01/06 10:48:07 parser.go:70: Parsing in JSON
INFO: 2022/01/06 10:48:07 parser.go:70: Parsing in JSON
INFO: 2022/01/06 10:48:07 parser.go:70: Parsing in JSON
INFO: 2022/01/06 10:48:07 parser.go:70: Parsing in JSON
INFO: 2022/01/06 10:48:07 sensorInstance.go:26: CPU_TEMP
INFO: 2022/01/06 10:48:07 sensorTemp.go:50: Temp being getted
INFO: 2022/01/06 10:48:07 parser.go:70: Parsing in JSON
INFO: 2022/01/06 10:48:07 root.go:78: Printing measurmants...
INFO: 2022/01/06 10:48:09 sensorInstance.go:16: CPU_USAGE
INFO: 2022/01/06 10:48:09 parser.go:70: Parsing in JSON
INFO: 2022/01/06 10:48:09 parser.go:70: Parsing in JSON
INFO: 2022/01/06 10:48:09 parser.go:70: Parsing in JSON
INFO: 2022/01/06 10:48:09 sensorInstance.go:21: MEMORY_USAGE
INFO: 2022/01/06 10:48:09 parser.go:70: Parsing in JSON
INFO: 2022/01/06 10:48:09 parser.go:70: Parsing in JSON
INFO: 2022/01/06 10:48:09 parser.go:70: Parsing in JSON
INFO: 2022/01/06 10:48:09 parser.go:70: Parsing in JSON
INFO: 2022/01/06 10:48:09 sensorInstance.go:26: CPU_TEMP
INFO: 2022/01/06 10:48:09 sensorTemp.go:50: Temp being getted
INFO: 2022/01/06 10:48:09 parser.go:70: Parsing in JSON
INFO: 2022/01/06 10:48:09 root.go:78: Printing measurmants...
INFO: 2022/01/06 10:48:10 root.go:66: Finish printing
INFO: 2022/01/06 10:48:10 root.go:52: End of the application
INFO: 2022/01/06 11:08:03 root.go:40: Starting the application...
INFO: 2022/01/06 11:08:05 sensorInstance.go:16: CPU_USAGE
INFO: 2022/01/06 11:08:06 parser.go:70: Parsing in JSON
INFO: 2022/01/06 11:08:06 parser.go:70: Parsing in JSON
INFO: 2022/01/06 11:08:06 parser.go:70: Parsing in JSON
INFO: 2022/01/06 11:08:06 sensorInstance.go:21: MEMORY_USAGE
INFO: 2022/01/06 11:08:06 parser.go:70: Parsing in JSON
INFO: 2022/01/06 11:08:06 parser.go:70: Parsing in JSON
INFO: 2022/01/06 11:08:06 parser.go:70: Parsing in JSON
INFO: 2022/01/06 11:08:06 parser.go:70: Parsing in JSON
INFO: 2022/01/06 11:08:06 sensorInstance.go:26: CPU_TEMP
INFO: 2022/01/06 11:08:06 sensorTemp.go:50: Temp being getted
INFO: 2022/01/06 11:08:06 parser.go:70: Parsing in JSON
INFO: 2022/01/06 11:08:06 root.go:78: Printing measurmants...
INFO: 2022/01/06 11:08:07 sensorInstance.go:16: CPU_USAGE
INFO: 2022/01/06 11:08:08 parser.go:70: Parsing in JSON
INFO: 2022/01/06 11:08:08 parser.go:70: Parsing in JSON
INFO: 2022/01/06 11:08:08 parser.go:70: Parsing in JSON
INFO: 2022/01/06 11:08:08 sensorInstance.go:21: MEMORY_USAGE
INFO: 2022/01/06 11:08:08 parser.go:70: Parsing in JSON
INFO: 2022/01/06 11:08:08 parser.go:70: Parsing in JSON
INFO: 2022/01/06 11:08:08 parser.go:70: Parsing in JSON
INFO: 2022/01/06 11:08:08 parser.go:70: Parsing in JSON
INFO: 2022/01/06 11:08:08 sensorInstance.go:26: CPU_TEMP
INFO: 2022/01/06 11:08:08 sensorTemp.go:50: Temp being getted
INFO: 2022/01/06 11:08:08 parser.go:70: Parsing in JSON
INFO: 2022/01/06 11:08:08 root.go:78: Printing measurmants...
INFO: 2022/01/06 11:08:09 sensorInstance.go:16: CPU_USAGE
INFO: 2022/01/06 11:08:10 parser.go:70: Parsing in JSON
INFO: 2022/01/06 11:08:10 parser.go:70: Parsing in JSON
INFO: 2022/01/06 11:08:10 parser.go:70: Parsing in JSON
INFO: 2022/01/06 11:08:10 sensorInstance.go:21: MEMORY_USAGE
INFO: 2022/01/06 11:08:10 parser.go:70: Parsing in JSON
INFO: 2022/01/06 11:08:10 parser.go:70: Parsing in JSON
INFO: 2022/01/06 11:08:10 parser.go:70: Parsing in JSON
INFO: 2022/01/06 11:08:10 parser.go:70: Parsing in JSON
INFO: 2022/01/06 11:08:10 sensorInstance.go:26: CPU_TEMP
INFO: 2022/01/06 11:08:10 sensorTemp.go:50: Temp being getted
INFO: 2022/01/06 11:08:10 parser.go:70: Parsing in JSON
INFO: 2022/01/06 11:08:10 root.go:78: Printing measurmants...
INFO: 2022/01/06 11:08:10 root.go:66: Finish printing
INFO: 2022/01/06 11:08:10 root.go:52: End of the application
INFO: 2022/01/06 12:05:46 root.go:40: Starting the application...
INFO: 2022/01/06 12:05:48 sensorInstance.go:16: CPU_USAGE
INFO: 2022/01/06 12:05:49 parser.go:70: Parsing in JSON
INFO: 2022/01/06 12:05:49 parser.go:70: Parsing in JSON
INFO: 2022/01/06 12:05:49 parser.go:70: Parsing in JSON
INFO: 2022/01/06 12:05:49 sensorInstance.go:21: MEMORY_USAGE
INFO: 2022/01/06 12:05:49 parser.go:70: Parsing in JSON
INFO: 2022/01/06 12:05:49 parser.go:70: Parsing in JSON
INFO: 2022/01/06 12:05:49 parser.go:70: Parsing in JSON
INFO: 2022/01/06 12:05:49 parser.go:70: Parsing in JSON
INFO: 2022/01/06 12:05:49 sensorInstance.go:26: CPU_TEMP
INFO: 2022/01/06 12:05:49 sensorTemp.go:50: Temp being getted
INFO: 2022/01/06 12:05:49 parser.go:70: Parsing in JSON
INFO: 2022/01/06 12:05:49 root.go:78: Printing measurmants...
INFO: 2022/01/06 12:05:50 sensorInstance.go:16: CPU_USAGE
INFO: 2022/01/06 12:05:51 parser.go:70: Parsing in JSON
INFO: 2022/01/06 12:05:51 parser.go:70: Parsing in JSON
INFO: 2022/01/06 12:05:51 parser.go:70: Parsing in JSON
INFO: 2022/01/06 12:05:51 sensorInstance.go:21: MEMORY_USAGE
INFO: 2022/01/06 12:05:51 parser.go:70: Parsing in JSON
INFO: 2022/01/06 12:05:51 parser.go:70: Parsing in JSON
INFO: 2022/01/06 12:05:51 parser.go:70: Parsing in JSON
INFO: 2022/01/06 12:05:51 parser.go:70: Parsing in JSON
INFO: 2022/01/06 12:05:51 sensorInstance.go:26: CPU_TEMP
INFO: 2022/01/06 12:05:51 sensorTemp.go:50: Temp being getted
INFO: 2022/01/06 12:05:51 parser.go:70: Parsing in JSON
INFO: 2022/01/06 12:05:51 root.go:78: Printing measurmants...
INFO: 2022/01/06 12:05:52 sensorInstance.go:16: CPU_USAGE
INFO: 2022/01/06 12:05:53 parser.go:70: Parsing in JSON
INFO: 2022/01/06 12:05:53 parser.go:70: Parsing in JSON
INFO: 2022/01/06 12:05:53 parser.go:70: Parsing in JSON
INFO: 2022/01/06 12:05:53 sensorInstance.go:21: MEMORY_USAGE
INFO: 2022/01/06 12:05:53 parser.go:70: Parsing in JSON
INFO: 2022/01/06 12:05:53 parser.go:70: Parsing in JSON
INFO: 2022/01/06 12:05:53 parser.go:70: Parsing in JSON
INFO: 2022/01/06 12:05:53 parser.go:70: Parsing in JSON
INFO: 2022/01/06 12:05:53 sensorInstance.go:26: CPU_TEMP
INFO: 2022/01/06 12:05:53 sensorTemp.go:50: Temp being getted
INFO: 2022/01/06 12:05:53 parser.go:70: Parsing in JSON
INFO: 2022/01/06 12:05:53 root.go:78: Printing measurmants...
INFO: 2022/01/06 12:05:53 root.go:66: Finish printing
INFO: 2022/01/06 12:05:53 root.go:52: End of the application
INFO: 2022/01/06 12:06:11 root.go:40: Starting the application...
INFO: 2022/01/06 12:06:14 sensorInstance.go:16: CPU_USAGE
INFO: 2022/01/06 12:06:14 sensorInstance.go:21: MEMORY_USAGE
INFO: 2022/01/06 12:06:14 parser.go:70: Parsing in JSON
INFO: 2022/01/06 12:06:14 parser.go:70: Parsing in JSON
INFO: 2022/01/06 12:06:14 parser.go:70: Parsing in JSON
INFO: 2022/01/06 12:06:14 root.go:78: Printing measurmants...
INFO: 2022/01/06 12:06:14 parser.go:70: Parsing in JSON
INFO: 2022/01/06 12:06:14 parser.go:70: Parsing in JSON
INFO: 2022/01/06 12:06:14 parser.go:70: Parsing in JSON
INFO: 2022/01/06 12:06:14 parser.go:70: Parsing in JSON
INFO: 2022/01/06 12:06:17 sensorInstance.go:16: CPU_USAGE
INFO: 2022/01/06 12:06:17 sensorInstance.go:21: MEMORY_USAGE
INFO: 2022/01/06 12:06:17 parser.go:70: Parsing in JSON
INFO: 2022/01/06 12:06:17 parser.go:70: Parsing in JSON
INFO: 2022/01/06 12:06:17 parser.go:70: Parsing in JSON
INFO: 2022/01/06 12:06:17 root.go:78: Printing measurmants...
INFO: 2022/01/06 12:06:17 parser.go:70: Parsing in JSON
INFO: 2022/01/06 12:06:17 parser.go:70: Parsing in JSON
INFO: 2022/01/06 12:06:17 parser.go:70: Parsing in JSON
INFO: 2022/01/06 12:06:17 parser.go:70: Parsing in JSON
INFO: 2022/01/06 12:06:20 sensorInstance.go:16: CPU_USAGE
INFO: 2022/01/06 12:06:20 sensorInstance.go:21: MEMORY_USAGE
INFO: 2022/01/06 12:06:20 parser.go:70: Parsing in JSON
INFO: 2022/01/06 12:06:20 parser.go:70: Parsing in JSON
INFO: 2022/01/06 12:06:20 parser.go:70: Parsing in JSON
INFO: 2022/01/06 12:06:20 root.go:78: Printing measurmants...
INFO: 2022/01/06 12:06:20 parser.go:70: Parsing in JSON
INFO: 2022/01/06 12:06:20 parser.go:70: Parsing in JSON
INFO: 2022/01/06 12:06:20 parser.go:70: Parsing in JSON
INFO: 2022/01/06 12:06:20 parser.go:70: Parsing in JSON
INFO: 2022/01/06 12:06:23 sensorInstance.go:16: CPU_USAGE
INFO: 2022/01/06 12:06:23 sensorInstance.go:21: MEMORY_USAGE
INFO: 2022/01/06 12:06:23 parser.go:70: Parsing in JSON
INFO: 2022/01/06 12:06:23 parser.go:70: Parsing in JSON
INFO: 2022/01/06 12:06:23 parser.go:70: Parsing in JSON
INFO: 2022/01/06 12:06:23 root.go:78: Printing measurmants...
INFO: 2022/01/06 12:06:23 parser.go:70: Parsing in JSON
INFO: 2022/01/06 12:06:23 parser.go:70: Parsing in JSON
INFO: 2022/01/06 12:06:23 parser.go:70: Parsing in JSON
INFO: 2022/01/06 12:06:23 parser.go:70: Parsing in JSON
INFO: 2022/01/06 12:06:26 sensorInstance.go:16: CPU_USAGE
INFO: 2022/01/06 12:06:26 sensorInstance.go:21: MEMORY_USAGE
INFO: 2022/01/06 12:06:26 parser.go:70: Parsing in JSON
INFO: 2022/01/06 12:06:26 parser.go:70: Parsing in JSON
INFO: 2022/01/06 12:06:26 parser.go:70: Parsing in JSON
INFO: 2022/01/06 12:06:26 root.go:78: Printing measurmants...
INFO: 2022/01/06 12:06:26 root.go:66: Finish printing
INFO: 2022/01/06 12:06:26 parser.go:70: Parsing in JSON
INFO: 2022/01/06 12:06:26 root.go:52: End of the application
INFO: 2022/01/06 12:06:43 root.go:40: Starting the application...
ERROR: 2022/01/06 12:06:43 root.go:146: error delta_duration cannot be higher than total_duration
ERROR: 2022/01/06 12:06:43 root.go:44: error delta_duration cannot be higher than total_duration
